<?xml version="1.0" encoding="UTF-8"?>
<testsuite xmlns:xsi="http://www.w3.org/2001/XMLSchema-instance" xsi:noNamespaceSchemaLocation="https://maven.apache.org/surefire/maven-surefire-plugin/xsd/surefire-test-report-3.0.xsd" version="3.0" name="com.qualitypointtech.testrunners.Runner" time="65.036" tests="1" errors="0" skipped="0" failures="0">
  <properties>
    <property name="sun.desktop" value="windows"/>
    <property name="awt.toolkit" value="sun.awt.windows.WToolkit"/>
    <property name="java.specification.version" value="11"/>
    <property name="sun.cpu.isalist" value="amd64"/>
    <property name="sun.jnu.encoding" value="Cp1252"/>
    <property name="java.class.path" value="C:\Users\user\Desktop\cognizant\qualityPointTech_aws\target\test-classes;C:\Users\user\Desktop\cognizant\qualityPointTech_aws\target\classes;C:\Users\user\.m2\repository\io\github\bonigarcia\webdrivermanager\4.0.0\webdrivermanager-4.0.0.jar;C:\Users\user\.m2\repository\org\slf4j\slf4j-api\1.7.30\slf4j-api-1.7.30.jar;C:\Users\user\.m2\repository\com\google\code\gson\gson\2.8.6\gson-2.8.6.jar;C:\Users\user\.m2\repository\org\apache\httpcomponents\client5\httpclient5\5.0\httpclient5-5.0.jar;C:\Users\user\.m2\repository\org\apache\httpcomponents\core5\httpcore5\5.0\httpcore5-5.0.jar;C:\Users\user\.m2\repository\org\apache\httpcomponents\core5\httpcore5-h2\5.0\httpcore5-h2-5.0.jar;C:\Users\user\.m2\repository\org\rauschig\jarchivelib\1.0.0\jarchivelib-1.0.0.jar;C:\Users\user\.m2\repository\org\jsoup\jsoup\1.13.1\jsoup-1.13.1.jar;C:\Users\user\.m2\repository\org\seleniumhq\selenium\selenium-java\3.141.59\selenium-java-3.141.59.jar;C:\Users\user\.m2\repository\org\seleniumhq\selenium\selenium-api\3.141.59\selenium-api-3.141.59.jar;C:\Users\user\.m2\repository\org\seleniumhq\selenium\selenium-chrome-driver\3.141.59\selenium-chrome-driver-3.141.59.jar;C:\Users\user\.m2\repository\org\seleniumhq\selenium\selenium-edge-driver\3.141.59\selenium-edge-driver-3.141.59.jar;C:\Users\user\.m2\repository\org\seleniumhq\selenium\selenium-firefox-driver\3.141.59\selenium-firefox-driver-3.141.59.jar;C:\Users\user\.m2\repository\org\seleniumhq\selenium\selenium-ie-driver\3.141.59\selenium-ie-driver-3.141.59.jar;C:\Users\user\.m2\repository\org\seleniumhq\selenium\selenium-opera-driver\3.141.59\selenium-opera-driver-3.141.59.jar;C:\Users\user\.m2\repository\org\seleniumhq\selenium\selenium-remote-driver\3.141.59\selenium-remote-driver-3.141.59.jar;C:\Users\user\.m2\repository\org\seleniumhq\selenium\selenium-safari-driver\3.141.59\selenium-safari-driver-3.141.59.jar;C:\Users\user\.m2\repository\org\seleniumhq\selenium\selenium-support\3.141.59\selenium-support-3.141.59.jar;C:\Users\user\.m2\repository\net\bytebuddy\byte-buddy\1.8.15\byte-buddy-1.8.15.jar;C:\Users\user\.m2\repository\org\apache\commons\commons-exec\1.3\commons-exec-1.3.jar;C:\Users\user\.m2\repository\com\google\guava\guava\25.0-jre\guava-25.0-jre.jar;C:\Users\user\.m2\repository\com\google\code\findbugs\jsr305\1.3.9\jsr305-1.3.9.jar;C:\Users\user\.m2\repository\org\checkerframework\checker-compat-qual\2.0.0\checker-compat-qual-2.0.0.jar;C:\Users\user\.m2\repository\com\google\errorprone\error_prone_annotations\2.1.3\error_prone_annotations-2.1.3.jar;C:\Users\user\.m2\repository\com\google\j2objc\j2objc-annotations\1.1\j2objc-annotations-1.1.jar;C:\Users\user\.m2\repository\org\codehaus\mojo\animal-sniffer-annotations\1.14\animal-sniffer-annotations-1.14.jar;C:\Users\user\.m2\repository\com\squareup\okhttp3\okhttp\3.11.0\okhttp-3.11.0.jar;C:\Users\user\.m2\repository\com\squareup\okio\okio\1.14.0\okio-1.14.0.jar;C:\Users\user\.m2\repository\io\cucumber\cucumber-java\4.2.6\cucumber-java-4.2.6.jar;C:\Users\user\.m2\repository\io\cucumber\cucumber-core\4.2.6\cucumber-core-4.2.6.jar;C:\Users\user\.m2\repository\io\cucumber\cucumber-html\0.2.7\cucumber-html-0.2.7.jar;C:\Users\user\.m2\repository\io\cucumber\gherkin\5.1.0\gherkin-5.1.0.jar;C:\Users\user\.m2\repository\io\cucumber\tag-expressions\1.1.1\tag-expressions-1.1.1.jar;C:\Users\user\.m2\repository\io\cucumber\cucumber-expressions\6.2.0\cucumber-expressions-6.2.0.jar;C:\Users\user\.m2\repository\io\cucumber\datatable\1.1.12\datatable-1.1.12.jar;C:\Users\user\.m2\repository\io\cucumber\datatable-dependencies\1.1.12\datatable-dependencies-1.1.12.jar;C:\Users\user\.m2\repository\io\cucumber\cucumber-junit\4.2.6\cucumber-junit-4.2.6.jar;C:\Users\user\.m2\repository\junit\junit\4.12\junit-4.12.jar;C:\Users\user\.m2\repository\software\amazon\awssdk\aws-sdk-java\2.10.60\aws-sdk-java-2.10.60.jar;C:\Users\user\.m2\repository\software\amazon\awssdk\acm\2.10.60\acm-2.10.60.jar;C:\Users\user\.m2\repository\software\amazon\awssdk\aws-json-protocol\2.10.60\aws-json-protocol-2.10.60.jar;C:\Users\user\.m2\repository\com\fasterxml\jackson\core\jackson-core\2.10.0\jackson-core-2.10.0.jar;C:\Users\user\.m2\repository\software\amazon\awssdk\protocol-core\2.10.60\protocol-core-2.10.60.jar;C:\Users\user\.m2\repository\software\amazon\awssdk\sdk-core\2.10.60\sdk-core-2.10.60.jar;C:\Users\user\.m2\repository\com\fasterxml\jackson\core\jackson-databind\2.10.0\jackson-databind-2.10.0.jar;C:\Users\user\.m2\repository\org\reactivestreams\reactive-streams\1.0.2\reactive-streams-1.0.2.jar;C:\Users\user\.m2\repository\software\amazon\awssdk\auth\2.10.60\auth-2.10.60.jar;C:\Users\user\.m2\repository\software\amazon\eventstream\eventstream\1.0.1\eventstream-1.0.1.jar;C:\Users\user\.m2\repository\software\amazon\awssdk\http-client-spi\2.10.60\http-client-spi-2.10.60.jar;C:\Users\user\.m2\repository\software\amazon\awssdk\regions\2.10.60\regions-2.10.60.jar;C:\Users\user\.m2\repository\com\fasterxml\jackson\core\jackson-annotations\2.9.0\jackson-annotations-2.9.0.jar;C:\Users\user\.m2\repository\software\amazon\awssdk\annotations\2.10.60\annotations-2.10.60.jar;C:\Users\user\.m2\repository\software\amazon\awssdk\utils\2.10.60\utils-2.10.60.jar;C:\Users\user\.m2\repository\software\amazon\awssdk\aws-core\2.10.60\aws-core-2.10.60.jar;C:\Users\user\.m2\repository\software\amazon\awssdk\apache-client\2.10.60\apache-client-2.10.60.jar;C:\Users\user\.m2\repository\software\amazon\awssdk\netty-nio-client\2.10.60\netty-nio-client-2.10.60.jar;C:\Users\user\.m2\repository\io\netty\netty-codec-http\4.1.42.Final\netty-codec-http-4.1.42.Final.jar;C:\Users\user\.m2\repository\io\netty\netty-codec-http2\4.1.42.Final\netty-codec-http2-4.1.42.Final.jar;C:\Users\user\.m2\repository\io\netty\netty-codec\4.1.42.Final\netty-codec-4.1.42.Final.jar;C:\Users\user\.m2\repository\io\netty\netty-transport\4.1.42.Final\netty-transport-4.1.42.Final.jar;C:\Users\user\.m2\repository\io\netty\netty-resolver\4.1.42.Final\netty-resolver-4.1.42.Final.jar;C:\Users\user\.m2\repository\io\netty\netty-common\4.1.42.Final\netty-common-4.1.42.Final.jar;C:\Users\user\.m2\repository\io\netty\netty-buffer\4.1.42.Final\netty-buffer-4.1.42.Final.jar;C:\Users\user\.m2\repository\io\netty\netty-handler\4.1.42.Final\netty-handler-4.1.42.Final.jar;C:\Users\user\.m2\repository\io\netty\netty-transport-native-epoll\4.1.42.Final\netty-transport-native-epoll-4.1.42.Final-linux-x86_64.jar;C:\Users\user\.m2\repository\io\netty\netty-transport-native-unix-common\4.1.42.Final\netty-transport-native-unix-common-4.1.42.Final.jar;C:\Users\user\.m2\repository\com\typesafe\netty\netty-reactive-streams-http\2.0.4\netty-reactive-streams-http-2.0.4.jar;C:\Users\user\.m2\repository\com\typesafe\netty\netty-reactive-streams\2.0.4\netty-reactive-streams-2.0.4.jar;C:\Users\user\.m2\repository\software\amazon\awssdk\acmpca\2.10.60\acmpca-2.10.60.jar;C:\Users\user\.m2\repository\software\amazon\awssdk\alexaforbusiness\2.10.60\alexaforbusiness-2.10.60.jar;C:\Users\user\.m2\repository\software\amazon\awssdk\amplify\2.10.60\amplify-2.10.60.jar;C:\Users\user\.m2\repository\software\amazon\awssdk\apigateway\2.10.60\apigateway-2.10.60.jar;C:\Users\user\.m2\repository\software\amazon\awssdk\apigatewaymanagementapi\2.10.60\apigatewaymanagementapi-2.10.60.jar;C:\Users\user\.m2\repository\software\amazon\awssdk\apigatewayv2\2.10.60\apigatewayv2-2.10.60.jar;C:\Users\user\.m2\repository\software\amazon\awssdk\applicationautoscaling\2.10.60\applicationautoscaling-2.10.60.jar;C:\Users\user\.m2\repository\software\amazon\awssdk\applicationdiscovery\2.10.60\applicationdiscovery-2.10.60.jar;C:\Users\user\.m2\repository\software\amazon\awssdk\appmesh\2.10.60\appmesh-2.10.60.jar;C:\Users\user\.m2\repository\software\amazon\awssdk\appstream\2.10.60\appstream-2.10.60.jar;C:\Users\user\.m2\repository\software\amazon\awssdk\appsync\2.10.60\appsync-2.10.60.jar;C:\Users\user\.m2\repository\software\amazon\awssdk\athena\2.10.60\athena-2.10.60.jar;C:\Users\user\.m2\repository\software\amazon\awssdk\autoscaling\2.10.60\autoscaling-2.10.60.jar;C:\Users\user\.m2\repository\software\amazon\awssdk\aws-query-protocol\2.10.60\aws-query-protocol-2.10.60.jar;C:\Users\user\.m2\repository\software\amazon\awssdk\autoscalingplans\2.10.60\autoscalingplans-2.10.60.jar;C:\Users\user\.m2\repository\software\amazon\awssdk\backup\2.10.60\backup-2.10.60.jar;C:\Users\user\.m2\repository\software\amazon\awssdk\batch\2.10.60\batch-2.10.60.jar;C:\Users\user\.m2\repository\software\amazon\awssdk\budgets\2.10.60\budgets-2.10.60.jar;C:\Users\user\.m2\repository\software\amazon\awssdk\chime\2.10.60\chime-2.10.60.jar;C:\Users\user\.m2\repository\software\amazon\awssdk\cloud9\2.10.60\cloud9-2.10.60.jar;C:\Users\user\.m2\repository\software\amazon\awssdk\clouddirectory\2.10.60\clouddirectory-2.10.60.jar;C:\Users\user\.m2\repository\software\amazon\awssdk\cloudformation\2.10.60\cloudformation-2.10.60.jar;C:\Users\user\.m2\repository\software\amazon\awssdk\cloudfront\2.10.60\cloudfront-2.10.60.jar;C:\Users\user\.m2\repository\software\amazon\awssdk\aws-xml-protocol\2.10.60\aws-xml-protocol-2.10.60.jar;C:\Users\user\.m2\repository\software\amazon\awssdk\cloudhsm\2.10.60\cloudhsm-2.10.60.jar;C:\Users\user\.m2\repository\software\amazon\awssdk\cloudhsmv2\2.10.60\cloudhsmv2-2.10.60.jar;C:\Users\user\.m2\repository\software\amazon\awssdk\cloudsearch\2.10.60\cloudsearch-2.10.60.jar;C:\Users\user\.m2\repository\software\amazon\awssdk\cloudsearchdomain\2.10.60\cloudsearchdomain-2.10.60.jar;C:\Users\user\.m2\repository\software\amazon\awssdk\cloudtrail\2.10.60\cloudtrail-2.10.60.jar;C:\Users\user\.m2\repository\software\amazon\awssdk\cloudwatch\2.10.60\cloudwatch-2.10.60.jar;C:\Users\user\.m2\repository\software\amazon\awssdk\cloudwatchevents\2.10.60\cloudwatchevents-2.10.60.jar;C:\Users\user\.m2\repository\software\amazon\awssdk\cloudwatchlogs\2.10.60\cloudwatchlogs-2.10.60.jar;C:\Users\user\.m2\repository\software\amazon\awssdk\codebuild\2.10.60\codebuild-2.10.60.jar;C:\Users\user\.m2\repository\software\amazon\awssdk\codecommit\2.10.60\codecommit-2.10.60.jar;C:\Users\user\.m2\repository\software\amazon\awssdk\codedeploy\2.10.60\codedeploy-2.10.60.jar;C:\Users\user\.m2\repository\software\amazon\awssdk\codepipeline\2.10.60\codepipeline-2.10.60.jar;C:\Users\user\.m2\repository\software\amazon\awssdk\codestar\2.10.60\codestar-2.10.60.jar;C:\Users\user\.m2\repository\software\amazon\awssdk\cognitoidentity\2.10.60\cognitoidentity-2.10.60.jar;C:\Users\user\.m2\repository\software\amazon\awssdk\cognitoidentityprovider\2.10.60\cognitoidentityprovider-2.10.60.jar;C:\Users\user\.m2\repository\software\amazon\awssdk\cognitosync\2.10.60\cognitosync-2.10.60.jar;C:\Users\user\.m2\repository\software\amazon\awssdk\comprehend\2.10.60\comprehend-2.10.60.jar;C:\Users\user\.m2\repository\software\amazon\awssdk\comprehendmedical\2.10.60\comprehendmedical-2.10.60.jar;C:\Users\user\.m2\repository\software\amazon\awssdk\config\2.10.60\config-2.10.60.jar;C:\Users\user\.m2\repository\software\amazon\awssdk\connect\2.10.60\connect-2.10.60.jar;C:\Users\user\.m2\repository\software\amazon\awssdk\costandusagereport\2.10.60\costandusagereport-2.10.60.jar;C:\Users\user\.m2\repository\software\amazon\awssdk\costexplorer\2.10.60\costexplorer-2.10.60.jar;C:\Users\user\.m2\repository\software\amazon\awssdk\databasemigration\2.10.60\databasemigration-2.10.60.jar;C:\Users\user\.m2\repository\software\amazon\awssdk\datapipeline\2.10.60\datapipeline-2.10.60.jar;C:\Users\user\.m2\repository\software\amazon\awssdk\datasync\2.10.60\datasync-2.10.60.jar;C:\Users\user\.m2\repository\software\amazon\awssdk\dax\2.10.60\dax-2.10.60.jar;C:\Users\user\.m2\repository\software\amazon\awssdk\devicefarm\2.10.60\devicefarm-2.10.60.jar;C:\Users\user\.m2\repository\software\amazon\awssdk\directconnect\2.10.60\directconnect-2.10.60.jar;C:\Users\user\.m2\repository\software\amazon\awssdk\directory\2.10.60\directory-2.10.60.jar;C:\Users\user\.m2\repository\software\amazon\awssdk\dlm\2.10.60\dlm-2.10.60.jar;C:\Users\user\.m2\repository\software\amazon\awssdk\docdb\2.10.60\docdb-2.10.60.jar;C:\Users\user\.m2\repository\software\amazon\awssdk\dynamodb\2.10.60\dynamodb-2.10.60.jar;C:\Users\user\.m2\repository\software\amazon\awssdk\ec2\2.10.60\ec2-2.10.60.jar;C:\Users\user\.m2\repository\software\amazon\awssdk\ecr\2.10.60\ecr-2.10.60.jar;C:\Users\user\.m2\repository\software\amazon\awssdk\ecs\2.10.60\ecs-2.10.60.jar;C:\Users\user\.m2\repository\software\amazon\awssdk\efs\2.10.60\efs-2.10.60.jar;C:\Users\user\.m2\repository\software\amazon\awssdk\eks\2.10.60\eks-2.10.60.jar;C:\Users\user\.m2\repository\software\amazon\awssdk\elasticache\2.10.60\elasticache-2.10.60.jar;C:\Users\user\.m2\repository\software\amazon\awssdk\elasticbeanstalk\2.10.60\elasticbeanstalk-2.10.60.jar;C:\Users\user\.m2\repository\software\amazon\awssdk\elasticloadbalancing\2.10.60\elasticloadbalancing-2.10.60.jar;C:\Users\user\.m2\repository\software\amazon\awssdk\elasticloadbalancingv2\2.10.60\elasticloadbalancingv2-2.10.60.jar;C:\Users\user\.m2\repository\software\amazon\awssdk\elasticsearch\2.10.60\elasticsearch-2.10.60.jar;C:\Users\user\.m2\repository\software\amazon\awssdk\elastictranscoder\2.10.60\elastictranscoder-2.10.60.jar;C:\Users\user\.m2\repository\software\amazon\awssdk\emr\2.10.60\emr-2.10.60.jar;C:\Users\user\.m2\repository\software\amazon\awssdk\firehose\2.10.60\firehose-2.10.60.jar;C:\Users\user\.m2\repository\software\amazon\awssdk\fms\2.10.60\fms-2.10.60.jar;C:\Users\user\.m2\repository\software\amazon\awssdk\fsx\2.10.60\fsx-2.10.60.jar;C:\Users\user\.m2\repository\software\amazon\awssdk\gamelift\2.10.60\gamelift-2.10.60.jar;C:\Users\user\.m2\repository\software\amazon\awssdk\glacier\2.10.60\glacier-2.10.60.jar;C:\Users\user\.m2\repository\software\amazon\awssdk\globalaccelerator\2.10.60\globalaccelerator-2.10.60.jar;C:\Users\user\.m2\repository\software\amazon\awssdk\glue\2.10.60\glue-2.10.60.jar;C:\Users\user\.m2\repository\software\amazon\awssdk\greengrass\2.10.60\greengrass-2.10.60.jar;C:\Users\user\.m2\repository\software\amazon\awssdk\guardduty\2.10.60\guardduty-2.10.60.jar;C:\Users\user\.m2\repository\software\amazon\awssdk\health\2.10.60\health-2.10.60.jar;C:\Users\user\.m2\repository\software\amazon\awssdk\iam\2.10.60\iam-2.10.60.jar;C:\Users\user\.m2\repository\software\amazon\awssdk\inspector\2.10.60\inspector-2.10.60.jar;C:\Users\user\.m2\repository\software\amazon\awssdk\iot\2.10.60\iot-2.10.60.jar;C:\Users\user\.m2\repository\software\amazon\awssdk\iot1clickdevices\2.10.60\iot1clickdevices-2.10.60.jar;C:\Users\user\.m2\repository\software\amazon\awssdk\iot1clickprojects\2.10.60\iot1clickprojects-2.10.60.jar;C:\Users\user\.m2\repository\software\amazon\awssdk\iotanalytics\2.10.60\iotanalytics-2.10.60.jar;C:\Users\user\.m2\repository\software\amazon\awssdk\iotdataplane\2.10.60\iotdataplane-2.10.60.jar;C:\Users\user\.m2\repository\software\amazon\awssdk\iotjobsdataplane\2.10.60\iotjobsdataplane-2.10.60.jar;C:\Users\user\.m2\repository\software\amazon\awssdk\kafka\2.10.60\kafka-2.10.60.jar;C:\Users\user\.m2\repository\software\amazon\awssdk\kinesis\2.10.60\kinesis-2.10.60.jar;C:\Users\user\.m2\repository\software\amazon\awssdk\aws-cbor-protocol\2.10.60\aws-cbor-protocol-2.10.60.jar;C:\Users\user\.m2\repository\com\fasterxml\jackson\dataformat\jackson-dataformat-cbor\2.10.0\jackson-dataformat-cbor-2.10.0.jar;C:\Users\user\.m2\repository\software\amazon\awssdk\kinesisanalytics\2.10.60\kinesisanalytics-2.10.60.jar;C:\Users\user\.m2\repository\software\amazon\awssdk\kinesisanalyticsv2\2.10.60\kinesisanalyticsv2-2.10.60.jar;C:\Users\user\.m2\repository\software\amazon\awssdk\kinesisvideo\2.10.60\kinesisvideo-2.10.60.jar;C:\Users\user\.m2\repository\software\amazon\awssdk\kinesisvideoarchivedmedia\2.10.60\kinesisvideoarchivedmedia-2.10.60.jar;C:\Users\user\.m2\repository\software\amazon\awssdk\kinesisvideomedia\2.10.60\kinesisvideomedia-2.10.60.jar;C:\Users\user\.m2\repository\software\amazon\awssdk\kms\2.10.60\kms-2.10.60.jar;C:\Users\user\.m2\repository\software\amazon\awssdk\lambda\2.10.60\lambda-2.10.60.jar;C:\Users\user\.m2\repository\software\amazon\awssdk\lexmodelbuilding\2.10.60\lexmodelbuilding-2.10.60.jar;C:\Users\user\.m2\repository\software\amazon\awssdk\lexruntime\2.10.60\lexruntime-2.10.60.jar;C:\Users\user\.m2\repository\software\amazon\awssdk\licensemanager\2.10.60\licensemanager-2.10.60.jar;C:\Users\user\.m2\repository\software\amazon\awssdk\lightsail\2.10.60\lightsail-2.10.60.jar;C:\Users\user\.m2\repository\software\amazon\awssdk\machinelearning\2.10.60\machinelearning-2.10.60.jar;C:\Users\user\.m2\repository\software\amazon\awssdk\macie\2.10.60\macie-2.10.60.jar;C:\Users\user\.m2\repository\software\amazon\awssdk\managedblockchain\2.10.60\managedblockchain-2.10.60.jar;C:\Users\user\.m2\repository\software\amazon\awssdk\marketplacecommerceanalytics\2.10.60\marketplacecommerceanalytics-2.10.60.jar;C:\Users\user\.m2\repository\software\amazon\awssdk\marketplaceentitlement\2.10.60\marketplaceentitlement-2.10.60.jar;C:\Users\user\.m2\repository\software\amazon\awssdk\marketplacemetering\2.10.60\marketplacemetering-2.10.60.jar;C:\Users\user\.m2\repository\software\amazon\awssdk\mediaconnect\2.10.60\mediaconnect-2.10.60.jar;C:\Users\user\.m2\repository\software\amazon\awssdk\mediaconvert\2.10.60\mediaconvert-2.10.60.jar;C:\Users\user\.m2\repository\software\amazon\awssdk\medialive\2.10.60\medialive-2.10.60.jar;C:\Users\user\.m2\repository\software\amazon\awssdk\mediapackage\2.10.60\mediapackage-2.10.60.jar;C:\Users\user\.m2\repository\software\amazon\awssdk\mediapackagevod\2.10.60\mediapackagevod-2.10.60.jar;C:\Users\user\.m2\repository\software\amazon\awssdk\mediastore\2.10.60\mediastore-2.10.60.jar;C:\Users\user\.m2\repository\software\amazon\awssdk\mediastoredata\2.10.60\mediastoredata-2.10.60.jar;C:\Users\user\.m2\repository\software\amazon\awssdk\mediatailor\2.10.60\mediatailor-2.10.60.jar;C:\Users\user\.m2\repository\software\amazon\awssdk\migrationhub\2.10.60\migrationhub-2.10.60.jar;C:\Users\user\.m2\repository\software\amazon\awssdk\mobile\2.10.60\mobile-2.10.60.jar;C:\Users\user\.m2\repository\software\amazon\awssdk\mq\2.10.60\mq-2.10.60.jar;C:\Users\user\.m2\repository\software\amazon\awssdk\mturk\2.10.60\mturk-2.10.60.jar;C:\Users\user\.m2\repository\software\amazon\awssdk\neptune\2.10.60\neptune-2.10.60.jar;C:\Users\user\.m2\repository\software\amazon\awssdk\opsworks\2.10.60\opsworks-2.10.60.jar;C:\Users\user\.m2\repository\software\amazon\awssdk\opsworkscm\2.10.60\opsworkscm-2.10.60.jar;C:\Users\user\.m2\repository\software\amazon\awssdk\organizations\2.10.60\organizations-2.10.60.jar;C:\Users\user\.m2\repository\software\amazon\awssdk\pi\2.10.60\pi-2.10.60.jar;C:\Users\user\.m2\repository\software\amazon\awssdk\pinpoint\2.10.60\pinpoint-2.10.60.jar;C:\Users\user\.m2\repository\software\amazon\awssdk\pinpointemail\2.10.60\pinpointemail-2.10.60.jar;C:\Users\user\.m2\repository\software\amazon\awssdk\pinpointsmsvoice\2.10.60\pinpointsmsvoice-2.10.60.jar;C:\Users\user\.m2\repository\software\amazon\awssdk\polly\2.10.60\polly-2.10.60.jar;C:\Users\user\.m2\repository\software\amazon\awssdk\pricing\2.10.60\pricing-2.10.60.jar;C:\Users\user\.m2\repository\software\amazon\awssdk\quicksight\2.10.60\quicksight-2.10.60.jar;C:\Users\user\.m2\repository\software\amazon\awssdk\ram\2.10.60\ram-2.10.60.jar;C:\Users\user\.m2\repository\software\amazon\awssdk\rds\2.10.60\rds-2.10.60.jar;C:\Users\user\.m2\repository\software\amazon\awssdk\rdsdata\2.10.60\rdsdata-2.10.60.jar;C:\Users\user\.m2\repository\software\amazon\awssdk\redshift\2.10.60\redshift-2.10.60.jar;C:\Users\user\.m2\repository\software\amazon\awssdk\rekognition\2.10.60\rekognition-2.10.60.jar;C:\Users\user\.m2\repository\software\amazon\awssdk\resourcegroups\2.10.60\resourcegroups-2.10.60.jar;C:\Users\user\.m2\repository\software\amazon\awssdk\resourcegroupstaggingapi\2.10.60\resourcegroupstaggingapi-2.10.60.jar;C:\Users\user\.m2\repository\software\amazon\awssdk\robomaker\2.10.60\robomaker-2.10.60.jar;C:\Users\user\.m2\repository\software\amazon\awssdk\route53\2.10.60\route53-2.10.60.jar;C:\Users\user\.m2\repository\software\amazon\awssdk\route53domains\2.10.60\route53domains-2.10.60.jar;C:\Users\user\.m2\repository\software\amazon\awssdk\route53resolver\2.10.60\route53resolver-2.10.60.jar;C:\Users\user\.m2\repository\software\amazon\awssdk\s3\2.10.60\s3-2.10.60.jar;C:\Users\user\.m2\repository\software\amazon\awssdk\arns\2.10.60\arns-2.10.60.jar;C:\Users\user\.m2\repository\software\amazon\awssdk\profiles\2.10.60\profiles-2.10.60.jar;C:\Users\user\.m2\repository\software\amazon\awssdk\s3control\2.10.60\s3control-2.10.60.jar;C:\Users\user\.m2\repository\software\amazon\awssdk\sagemaker\2.10.60\sagemaker-2.10.60.jar;C:\Users\user\.m2\repository\software\amazon\awssdk\sagemakerruntime\2.10.60\sagemakerruntime-2.10.60.jar;C:\Users\user\.m2\repository\software\amazon\awssdk\secretsmanager\2.10.60\secretsmanager-2.10.60.jar;C:\Users\user\.m2\repository\software\amazon\awssdk\securityhub\2.10.60\securityhub-2.10.60.jar;C:\Users\user\.m2\repository\software\amazon\awssdk\serverlessapplicationrepository\2.10.60\serverlessapplicationrepository-2.10.60.jar;C:\Users\user\.m2\repository\software\amazon\awssdk\servicecatalog\2.10.60\servicecatalog-2.10.60.jar;C:\Users\user\.m2\repository\software\amazon\awssdk\servicediscovery\2.10.60\servicediscovery-2.10.60.jar;C:\Users\user\.m2\repository\software\amazon\awssdk\ses\2.10.60\ses-2.10.60.jar;C:\Users\user\.m2\repository\software\amazon\awssdk\sfn\2.10.60\sfn-2.10.60.jar;C:\Users\user\.m2\repository\software\amazon\awssdk\shield\2.10.60\shield-2.10.60.jar;C:\Users\user\.m2\repository\software\amazon\awssdk\signer\2.10.60\signer-2.10.60.jar;C:\Users\user\.m2\repository\software\amazon\awssdk\sms\2.10.60\sms-2.10.60.jar;C:\Users\user\.m2\repository\software\amazon\awssdk\snowball\2.10.60\snowball-2.10.60.jar;C:\Users\user\.m2\repository\software\amazon\awssdk\sns\2.10.60\sns-2.10.60.jar;C:\Users\user\.m2\repository\software\amazon\awssdk\sqs\2.10.60\sqs-2.10.60.jar;C:\Users\user\.m2\repository\software\amazon\awssdk\ssm\2.10.60\ssm-2.10.60.jar;C:\Users\user\.m2\repository\software\amazon\awssdk\storagegateway\2.10.60\storagegateway-2.10.60.jar;C:\Users\user\.m2\repository\software\amazon\awssdk\sts\2.10.60\sts-2.10.60.jar;C:\Users\user\.m2\repository\software\amazon\awssdk\support\2.10.60\support-2.10.60.jar;C:\Users\user\.m2\repository\software\amazon\awssdk\swf\2.10.60\swf-2.10.60.jar;C:\Users\user\.m2\repository\software\amazon\awssdk\textract\2.10.60\textract-2.10.60.jar;C:\Users\user\.m2\repository\software\amazon\awssdk\transcribe\2.10.60\transcribe-2.10.60.jar;C:\Users\user\.m2\repository\software\amazon\awssdk\transcribestreaming\2.10.60\transcribestreaming-2.10.60.jar;C:\Users\user\.m2\repository\software\amazon\awssdk\transfer\2.10.60\transfer-2.10.60.jar;C:\Users\user\.m2\repository\software\amazon\awssdk\translate\2.10.60\translate-2.10.60.jar;C:\Users\user\.m2\repository\software\amazon\awssdk\waf\2.10.60\waf-2.10.60.jar;C:\Users\user\.m2\repository\software\amazon\awssdk\workdocs\2.10.60\workdocs-2.10.60.jar;C:\Users\user\.m2\repository\software\amazon\awssdk\worklink\2.10.60\worklink-2.10.60.jar;C:\Users\user\.m2\repository\software\amazon\awssdk\workmail\2.10.60\workmail-2.10.60.jar;C:\Users\user\.m2\repository\software\amazon\awssdk\workspaces\2.10.60\workspaces-2.10.60.jar;C:\Users\user\.m2\repository\software\amazon\awssdk\xray\2.10.60\xray-2.10.60.jar;C:\Users\user\.m2\repository\software\amazon\awssdk\groundstation\2.10.60\groundstation-2.10.60.jar;C:\Users\user\.m2\repository\software\amazon\awssdk\iotthingsgraph\2.10.60\iotthingsgraph-2.10.60.jar;C:\Users\user\.m2\repository\software\amazon\awssdk\iotevents\2.10.60\iotevents-2.10.60.jar;C:\Users\user\.m2\repository\software\amazon\awssdk\ioteventsdata\2.10.60\ioteventsdata-2.10.60.jar;C:\Users\user\.m2\repository\software\amazon\awssdk\personalizeruntime\2.10.60\personalizeruntime-2.10.60.jar;C:\Users\user\.m2\repository\software\amazon\awssdk\personalize\2.10.60\personalize-2.10.60.jar;C:\Users\user\.m2\repository\software\amazon\awssdk\personalizeevents\2.10.60\personalizeevents-2.10.60.jar;C:\Users\user\.m2\repository\software\amazon\awssdk\servicequotas\2.10.60\servicequotas-2.10.60.jar;C:\Users\user\.m2\repository\software\amazon\awssdk\applicationinsights\2.10.60\applicationinsights-2.10.60.jar;C:\Users\user\.m2\repository\software\amazon\awssdk\ec2instanceconnect\2.10.60\ec2instanceconnect-2.10.60.jar;C:\Users\user\.m2\repository\software\amazon\awssdk\eventbridge\2.10.60\eventbridge-2.10.60.jar;C:\Users\user\.m2\repository\software\amazon\awssdk\lakeformation\2.10.60\lakeformation-2.10.60.jar;C:\Users\user\.m2\repository\software\amazon\awssdk\forecast\2.10.60\forecast-2.10.60.jar;C:\Users\user\.m2\repository\software\amazon\awssdk\forecastquery\2.10.60\forecastquery-2.10.60.jar;C:\Users\user\.m2\repository\software\amazon\awssdk\qldb\2.10.60\qldb-2.10.60.jar;C:\Users\user\.m2\repository\software\amazon\awssdk\qldbsession\2.10.60\qldbsession-2.10.60.jar;C:\Users\user\.m2\repository\software\amazon\awssdk\workmailmessageflow\2.10.60\workmailmessageflow-2.10.60.jar;C:\Users\user\.m2\repository\software\amazon\awssdk\codestarnotifications\2.10.60\codestarnotifications-2.10.60.jar;C:\Users\user\.m2\repository\software\amazon\awssdk\savingsplans\2.10.60\savingsplans-2.10.60.jar;C:\Users\user\.m2\repository\software\amazon\awssdk\sso\2.10.60\sso-2.10.60.jar;C:\Users\user\.m2\repository\software\amazon\awssdk\ssooidc\2.10.60\ssooidc-2.10.60.jar;C:\Users\user\.m2\repository\software\amazon\awssdk\marketplacecatalog\2.10.60\marketplacecatalog-2.10.60.jar;C:\Users\user\.m2\repository\software\amazon\awssdk\sesv2\2.10.60\sesv2-2.10.60.jar;C:\Users\user\.m2\repository\software\amazon\awssdk\dataexchange\2.10.60\dataexchange-2.10.60.jar;C:\Users\user\.m2\repository\software\amazon\awssdk\migrationhubconfig\2.10.60\migrationhubconfig-2.10.60.jar;C:\Users\user\.m2\repository\software\amazon\awssdk\connectparticipant\2.10.60\connectparticipant-2.10.60.jar;C:\Users\user\.m2\repository\software\amazon\awssdk\wafv2\2.10.60\wafv2-2.10.60.jar;C:\Users\user\.m2\repository\software\amazon\awssdk\appconfig\2.10.60\appconfig-2.10.60.jar;C:\Users\user\.m2\repository\software\amazon\awssdk\iotsecuretunneling\2.10.60\iotsecuretunneling-2.10.60.jar;C:\Users\user\.m2\repository\software\amazon\awssdk\elasticinference\2.10.60\elasticinference-2.10.60.jar;C:\Users\user\.m2\repository\software\amazon\awssdk\imagebuilder\2.10.60\imagebuilder-2.10.60.jar;C:\Users\user\.m2\repository\software\amazon\awssdk\schemas\2.10.60\schemas-2.10.60.jar;C:\Users\user\.m2\repository\software\amazon\awssdk\accessanalyzer\2.10.60\accessanalyzer-2.10.60.jar;C:\Users\user\.m2\repository\software\amazon\awssdk\computeoptimizer\2.10.60\computeoptimizer-2.10.60.jar;C:\Users\user\.m2\repository\software\amazon\awssdk\networkmanager\2.10.60\networkmanager-2.10.60.jar;C:\Users\user\.m2\repository\software\amazon\awssdk\kendra\2.10.60\kendra-2.10.60.jar;C:\Users\user\.m2\repository\software\amazon\awssdk\frauddetector\2.10.60\frauddetector-2.10.60.jar;C:\Users\user\.m2\repository\software\amazon\awssdk\codegurureviewer\2.10.60\codegurureviewer-2.10.60.jar;C:\Users\user\.m2\repository\software\amazon\awssdk\codeguruprofiler\2.10.60\codeguruprofiler-2.10.60.jar;C:\Users\user\.m2\repository\software\amazon\awssdk\outposts\2.10.60\outposts-2.10.60.jar;C:\Users\user\.m2\repository\software\amazon\awssdk\sagemakera2iruntime\2.10.60\sagemakera2iruntime-2.10.60.jar;C:\Users\user\.m2\repository\software\amazon\awssdk\ebs\2.10.60\ebs-2.10.60.jar;C:\Users\user\.m2\repository\software\amazon\awssdk\kinesisvideosignaling\2.10.60\kinesisvideosignaling-2.10.60.jar;C:\Users\user\.m2\repository\software\amazon\awssdk\detective\2.10.60\detective-2.10.60.jar;C:\Users\user\.m2\repository\software\amazon\awssdk\codestarconnections\2.10.60\codestarconnections-2.10.60.jar;C:\Users\user\.m2\repository\org\apache\httpcomponents\httpclient\4.5.6\httpclient-4.5.6.jar;C:\Users\user\.m2\repository\commons-logging\commons-logging\1.2\commons-logging-1.2.jar;C:\Users\user\.m2\repository\commons-codec\commons-codec\1.10\commons-codec-1.10.jar;C:\Users\user\.m2\repository\org\apache\httpcomponents\httpcore\4.4.10\httpcore-4.4.10.jar;C:\Users\user\.m2\repository\org\apache\httpcomponents\httpmime\4.5.6\httpmime-4.5.6.jar;C:\Users\user\.m2\repository\log4j\log4j\1.2.17\log4j-1.2.17.jar;C:\Users\user\.m2\repository\commons-io\commons-io\2.6\commons-io-2.6.jar;C:\Users\user\.m2\repository\org\hamcrest\hamcrest-core\1.3\hamcrest-core-1.3.jar;C:\Users\user\.m2\repository\org\apache\commons\commons-lang3\3.11\commons-lang3-3.11.jar;C:\Users\user\.m2\repository\org\apache\poi\poi\4.1.2\poi-4.1.2.jar;C:\Users\user\.m2\repository\org\apache\commons\commons-collections4\4.4\commons-collections4-4.4.jar;C:\Users\user\.m2\repository\org\apache\commons\commons-math3\3.6.1\commons-math3-3.6.1.jar;C:\Users\user\.m2\repository\com\zaxxer\SparseBitSet\1.2\SparseBitSet-1.2.jar;C:\Users\user\.m2\repository\org\apache\poi\poi-ooxml\4.1.2\poi-ooxml-4.1.2.jar;C:\Users\user\.m2\repository\org\apache\commons\commons-compress\1.19\commons-compress-1.19.jar;C:\Users\user\.m2\repository\com\github\virtuald\curvesapi\1.06\curvesapi-1.06.jar;C:\Users\user\.m2\repository\org\apache\poi\poi-ooxml-schemas\4.1.2\poi-ooxml-schemas-4.1.2.jar;C:\Users\user\.m2\repository\org\apache\xmlbeans\xmlbeans\3.1.0\xmlbeans-3.1.0.jar;"/>
    <property name="java.vm.vendor" value="Oracle Corporation"/>
    <property name="sun.arch.data.model" value="64"/>
    <property name="dashboardHost" value="localhost"/>
    <property name="user.variant" value=""/>
    <property name="java.vendor.url" value="https://openjdk.java.net/"/>
    <property name="user.timezone" value="Asia/Calcutta"/>
    <property name="java.vm.specification.version" value="11"/>
    <property name="os.name" value="Windows 10"/>
    <property name="sun.java.launcher" value="SUN_STANDARD"/>
    <property name="user.country" value="US"/>
    <property name="sun.boot.library.path" value="C:\Program Files\Java\jdk-11.0.9\bin"/>
    <property name="sun.java.command" value="C:\Users\user\AppData\Local\Temp\surefire1811736387368986244\surefirebooter3950120137346897284.jar C:\Users\user\AppData\Local\Temp\surefire1811736387368986244 2020-12-17T13-01-57_167-jvmRun1 surefire5513875836731221644tmp surefire_02233092495752329797tmp"/>
    <property name="jdk.debug" value="release"/>
    <property name="surefire.test.class.path" value="C:\Users\user\Desktop\cognizant\qualityPointTech_aws\target\test-classes;C:\Users\user\Desktop\cognizant\qualityPointTech_aws\target\classes;C:\Users\user\.m2\repository\io\github\bonigarcia\webdrivermanager\4.0.0\webdrivermanager-4.0.0.jar;C:\Users\user\.m2\repository\org\slf4j\slf4j-api\1.7.30\slf4j-api-1.7.30.jar;C:\Users\user\.m2\repository\com\google\code\gson\gson\2.8.6\gson-2.8.6.jar;C:\Users\user\.m2\repository\org\apache\httpcomponents\client5\httpclient5\5.0\httpclient5-5.0.jar;C:\Users\user\.m2\repository\org\apache\httpcomponents\core5\httpcore5\5.0\httpcore5-5.0.jar;C:\Users\user\.m2\repository\org\apache\httpcomponents\core5\httpcore5-h2\5.0\httpcore5-h2-5.0.jar;C:\Users\user\.m2\repository\org\rauschig\jarchivelib\1.0.0\jarchivelib-1.0.0.jar;C:\Users\user\.m2\repository\org\jsoup\jsoup\1.13.1\jsoup-1.13.1.jar;C:\Users\user\.m2\repository\org\seleniumhq\selenium\selenium-java\3.141.59\selenium-java-3.141.59.jar;C:\Users\user\.m2\repository\org\seleniumhq\selenium\selenium-api\3.141.59\selenium-api-3.141.59.jar;C:\Users\user\.m2\repository\org\seleniumhq\selenium\selenium-chrome-driver\3.141.59\selenium-chrome-driver-3.141.59.jar;C:\Users\user\.m2\repository\org\seleniumhq\selenium\selenium-edge-driver\3.141.59\selenium-edge-driver-3.141.59.jar;C:\Users\user\.m2\repository\org\seleniumhq\selenium\selenium-firefox-driver\3.141.59\selenium-firefox-driver-3.141.59.jar;C:\Users\user\.m2\repository\org\seleniumhq\selenium\selenium-ie-driver\3.141.59\selenium-ie-driver-3.141.59.jar;C:\Users\user\.m2\repository\org\seleniumhq\selenium\selenium-opera-driver\3.141.59\selenium-opera-driver-3.141.59.jar;C:\Users\user\.m2\repository\org\seleniumhq\selenium\selenium-remote-driver\3.141.59\selenium-remote-driver-3.141.59.jar;C:\Users\user\.m2\repository\org\seleniumhq\selenium\selenium-safari-driver\3.141.59\selenium-safari-driver-3.141.59.jar;C:\Users\user\.m2\repository\org\seleniumhq\selenium\selenium-support\3.141.59\selenium-support-3.141.59.jar;C:\Users\user\.m2\repository\net\bytebuddy\byte-buddy\1.8.15\byte-buddy-1.8.15.jar;C:\Users\user\.m2\repository\org\apache\commons\commons-exec\1.3\commons-exec-1.3.jar;C:\Users\user\.m2\repository\com\google\guava\guava\25.0-jre\guava-25.0-jre.jar;C:\Users\user\.m2\repository\com\google\code\findbugs\jsr305\1.3.9\jsr305-1.3.9.jar;C:\Users\user\.m2\repository\org\checkerframework\checker-compat-qual\2.0.0\checker-compat-qual-2.0.0.jar;C:\Users\user\.m2\repository\com\google\errorprone\error_prone_annotations\2.1.3\error_prone_annotations-2.1.3.jar;C:\Users\user\.m2\repository\com\google\j2objc\j2objc-annotations\1.1\j2objc-annotations-1.1.jar;C:\Users\user\.m2\repository\org\codehaus\mojo\animal-sniffer-annotations\1.14\animal-sniffer-annotations-1.14.jar;C:\Users\user\.m2\repository\com\squareup\okhttp3\okhttp\3.11.0\okhttp-3.11.0.jar;C:\Users\user\.m2\repository\com\squareup\okio\okio\1.14.0\okio-1.14.0.jar;C:\Users\user\.m2\repository\io\cucumber\cucumber-java\4.2.6\cucumber-java-4.2.6.jar;C:\Users\user\.m2\repository\io\cucumber\cucumber-core\4.2.6\cucumber-core-4.2.6.jar;C:\Users\user\.m2\repository\io\cucumber\cucumber-html\0.2.7\cucumber-html-0.2.7.jar;C:\Users\user\.m2\repository\io\cucumber\gherkin\5.1.0\gherkin-5.1.0.jar;C:\Users\user\.m2\repository\io\cucumber\tag-expressions\1.1.1\tag-expressions-1.1.1.jar;C:\Users\user\.m2\repository\io\cucumber\cucumber-expressions\6.2.0\cucumber-expressions-6.2.0.jar;C:\Users\user\.m2\repository\io\cucumber\datatable\1.1.12\datatable-1.1.12.jar;C:\Users\user\.m2\repository\io\cucumber\datatable-dependencies\1.1.12\datatable-dependencies-1.1.12.jar;C:\Users\user\.m2\repository\io\cucumber\cucumber-junit\4.2.6\cucumber-junit-4.2.6.jar;C:\Users\user\.m2\repository\junit\junit\4.12\junit-4.12.jar;C:\Users\user\.m2\repository\software\amazon\awssdk\aws-sdk-java\2.10.60\aws-sdk-java-2.10.60.jar;C:\Users\user\.m2\repository\software\amazon\awssdk\acm\2.10.60\acm-2.10.60.jar;C:\Users\user\.m2\repository\software\amazon\awssdk\aws-json-protocol\2.10.60\aws-json-protocol-2.10.60.jar;C:\Users\user\.m2\repository\com\fasterxml\jackson\core\jackson-core\2.10.0\jackson-core-2.10.0.jar;C:\Users\user\.m2\repository\software\amazon\awssdk\protocol-core\2.10.60\protocol-core-2.10.60.jar;C:\Users\user\.m2\repository\software\amazon\awssdk\sdk-core\2.10.60\sdk-core-2.10.60.jar;C:\Users\user\.m2\repository\com\fasterxml\jackson\core\jackson-databind\2.10.0\jackson-databind-2.10.0.jar;C:\Users\user\.m2\repository\org\reactivestreams\reactive-streams\1.0.2\reactive-streams-1.0.2.jar;C:\Users\user\.m2\repository\software\amazon\awssdk\auth\2.10.60\auth-2.10.60.jar;C:\Users\user\.m2\repository\software\amazon\eventstream\eventstream\1.0.1\eventstream-1.0.1.jar;C:\Users\user\.m2\repository\software\amazon\awssdk\http-client-spi\2.10.60\http-client-spi-2.10.60.jar;C:\Users\user\.m2\repository\software\amazon\awssdk\regions\2.10.60\regions-2.10.60.jar;C:\Users\user\.m2\repository\com\fasterxml\jackson\core\jackson-annotations\2.9.0\jackson-annotations-2.9.0.jar;C:\Users\user\.m2\repository\software\amazon\awssdk\annotations\2.10.60\annotations-2.10.60.jar;C:\Users\user\.m2\repository\software\amazon\awssdk\utils\2.10.60\utils-2.10.60.jar;C:\Users\user\.m2\repository\software\amazon\awssdk\aws-core\2.10.60\aws-core-2.10.60.jar;C:\Users\user\.m2\repository\software\amazon\awssdk\apache-client\2.10.60\apache-client-2.10.60.jar;C:\Users\user\.m2\repository\software\amazon\awssdk\netty-nio-client\2.10.60\netty-nio-client-2.10.60.jar;C:\Users\user\.m2\repository\io\netty\netty-codec-http\4.1.42.Final\netty-codec-http-4.1.42.Final.jar;C:\Users\user\.m2\repository\io\netty\netty-codec-http2\4.1.42.Final\netty-codec-http2-4.1.42.Final.jar;C:\Users\user\.m2\repository\io\netty\netty-codec\4.1.42.Final\netty-codec-4.1.42.Final.jar;C:\Users\user\.m2\repository\io\netty\netty-transport\4.1.42.Final\netty-transport-4.1.42.Final.jar;C:\Users\user\.m2\repository\io\netty\netty-resolver\4.1.42.Final\netty-resolver-4.1.42.Final.jar;C:\Users\user\.m2\repository\io\netty\netty-common\4.1.42.Final\netty-common-4.1.42.Final.jar;C:\Users\user\.m2\repository\io\netty\netty-buffer\4.1.42.Final\netty-buffer-4.1.42.Final.jar;C:\Users\user\.m2\repository\io\netty\netty-handler\4.1.42.Final\netty-handler-4.1.42.Final.jar;C:\Users\user\.m2\repository\io\netty\netty-transport-native-epoll\4.1.42.Final\netty-transport-native-epoll-4.1.42.Final-linux-x86_64.jar;C:\Users\user\.m2\repository\io\netty\netty-transport-native-unix-common\4.1.42.Final\netty-transport-native-unix-common-4.1.42.Final.jar;C:\Users\user\.m2\repository\com\typesafe\netty\netty-reactive-streams-http\2.0.4\netty-reactive-streams-http-2.0.4.jar;C:\Users\user\.m2\repository\com\typesafe\netty\netty-reactive-streams\2.0.4\netty-reactive-streams-2.0.4.jar;C:\Users\user\.m2\repository\software\amazon\awssdk\acmpca\2.10.60\acmpca-2.10.60.jar;C:\Users\user\.m2\repository\software\amazon\awssdk\alexaforbusiness\2.10.60\alexaforbusiness-2.10.60.jar;C:\Users\user\.m2\repository\software\amazon\awssdk\amplify\2.10.60\amplify-2.10.60.jar;C:\Users\user\.m2\repository\software\amazon\awssdk\apigateway\2.10.60\apigateway-2.10.60.jar;C:\Users\user\.m2\repository\software\amazon\awssdk\apigatewaymanagementapi\2.10.60\apigatewaymanagementapi-2.10.60.jar;C:\Users\user\.m2\repository\software\amazon\awssdk\apigatewayv2\2.10.60\apigatewayv2-2.10.60.jar;C:\Users\user\.m2\repository\software\amazon\awssdk\applicationautoscaling\2.10.60\applicationautoscaling-2.10.60.jar;C:\Users\user\.m2\repository\software\amazon\awssdk\applicationdiscovery\2.10.60\applicationdiscovery-2.10.60.jar;C:\Users\user\.m2\repository\software\amazon\awssdk\appmesh\2.10.60\appmesh-2.10.60.jar;C:\Users\user\.m2\repository\software\amazon\awssdk\appstream\2.10.60\appstream-2.10.60.jar;C:\Users\user\.m2\repository\software\amazon\awssdk\appsync\2.10.60\appsync-2.10.60.jar;C:\Users\user\.m2\repository\software\amazon\awssdk\athena\2.10.60\athena-2.10.60.jar;C:\Users\user\.m2\repository\software\amazon\awssdk\autoscaling\2.10.60\autoscaling-2.10.60.jar;C:\Users\user\.m2\repository\software\amazon\awssdk\aws-query-protocol\2.10.60\aws-query-protocol-2.10.60.jar;C:\Users\user\.m2\repository\software\amazon\awssdk\autoscalingplans\2.10.60\autoscalingplans-2.10.60.jar;C:\Users\user\.m2\repository\software\amazon\awssdk\backup\2.10.60\backup-2.10.60.jar;C:\Users\user\.m2\repository\software\amazon\awssdk\batch\2.10.60\batch-2.10.60.jar;C:\Users\user\.m2\repository\software\amazon\awssdk\budgets\2.10.60\budgets-2.10.60.jar;C:\Users\user\.m2\repository\software\amazon\awssdk\chime\2.10.60\chime-2.10.60.jar;C:\Users\user\.m2\repository\software\amazon\awssdk\cloud9\2.10.60\cloud9-2.10.60.jar;C:\Users\user\.m2\repository\software\amazon\awssdk\clouddirectory\2.10.60\clouddirectory-2.10.60.jar;C:\Users\user\.m2\repository\software\amazon\awssdk\cloudformation\2.10.60\cloudformation-2.10.60.jar;C:\Users\user\.m2\repository\software\amazon\awssdk\cloudfront\2.10.60\cloudfront-2.10.60.jar;C:\Users\user\.m2\repository\software\amazon\awssdk\aws-xml-protocol\2.10.60\aws-xml-protocol-2.10.60.jar;C:\Users\user\.m2\repository\software\amazon\awssdk\cloudhsm\2.10.60\cloudhsm-2.10.60.jar;C:\Users\user\.m2\repository\software\amazon\awssdk\cloudhsmv2\2.10.60\cloudhsmv2-2.10.60.jar;C:\Users\user\.m2\repository\software\amazon\awssdk\cloudsearch\2.10.60\cloudsearch-2.10.60.jar;C:\Users\user\.m2\repository\software\amazon\awssdk\cloudsearchdomain\2.10.60\cloudsearchdomain-2.10.60.jar;C:\Users\user\.m2\repository\software\amazon\awssdk\cloudtrail\2.10.60\cloudtrail-2.10.60.jar;C:\Users\user\.m2\repository\software\amazon\awssdk\cloudwatch\2.10.60\cloudwatch-2.10.60.jar;C:\Users\user\.m2\repository\software\amazon\awssdk\cloudwatchevents\2.10.60\cloudwatchevents-2.10.60.jar;C:\Users\user\.m2\repository\software\amazon\awssdk\cloudwatchlogs\2.10.60\cloudwatchlogs-2.10.60.jar;C:\Users\user\.m2\repository\software\amazon\awssdk\codebuild\2.10.60\codebuild-2.10.60.jar;C:\Users\user\.m2\repository\software\amazon\awssdk\codecommit\2.10.60\codecommit-2.10.60.jar;C:\Users\user\.m2\repository\software\amazon\awssdk\codedeploy\2.10.60\codedeploy-2.10.60.jar;C:\Users\user\.m2\repository\software\amazon\awssdk\codepipeline\2.10.60\codepipeline-2.10.60.jar;C:\Users\user\.m2\repository\software\amazon\awssdk\codestar\2.10.60\codestar-2.10.60.jar;C:\Users\user\.m2\repository\software\amazon\awssdk\cognitoidentity\2.10.60\cognitoidentity-2.10.60.jar;C:\Users\user\.m2\repository\software\amazon\awssdk\cognitoidentityprovider\2.10.60\cognitoidentityprovider-2.10.60.jar;C:\Users\user\.m2\repository\software\amazon\awssdk\cognitosync\2.10.60\cognitosync-2.10.60.jar;C:\Users\user\.m2\repository\software\amazon\awssdk\comprehend\2.10.60\comprehend-2.10.60.jar;C:\Users\user\.m2\repository\software\amazon\awssdk\comprehendmedical\2.10.60\comprehendmedical-2.10.60.jar;C:\Users\user\.m2\repository\software\amazon\awssdk\config\2.10.60\config-2.10.60.jar;C:\Users\user\.m2\repository\software\amazon\awssdk\connect\2.10.60\connect-2.10.60.jar;C:\Users\user\.m2\repository\software\amazon\awssdk\costandusagereport\2.10.60\costandusagereport-2.10.60.jar;C:\Users\user\.m2\repository\software\amazon\awssdk\costexplorer\2.10.60\costexplorer-2.10.60.jar;C:\Users\user\.m2\repository\software\amazon\awssdk\databasemigration\2.10.60\databasemigration-2.10.60.jar;C:\Users\user\.m2\repository\software\amazon\awssdk\datapipeline\2.10.60\datapipeline-2.10.60.jar;C:\Users\user\.m2\repository\software\amazon\awssdk\datasync\2.10.60\datasync-2.10.60.jar;C:\Users\user\.m2\repository\software\amazon\awssdk\dax\2.10.60\dax-2.10.60.jar;C:\Users\user\.m2\repository\software\amazon\awssdk\devicefarm\2.10.60\devicefarm-2.10.60.jar;C:\Users\user\.m2\repository\software\amazon\awssdk\directconnect\2.10.60\directconnect-2.10.60.jar;C:\Users\user\.m2\repository\software\amazon\awssdk\directory\2.10.60\directory-2.10.60.jar;C:\Users\user\.m2\repository\software\amazon\awssdk\dlm\2.10.60\dlm-2.10.60.jar;C:\Users\user\.m2\repository\software\amazon\awssdk\docdb\2.10.60\docdb-2.10.60.jar;C:\Users\user\.m2\repository\software\amazon\awssdk\dynamodb\2.10.60\dynamodb-2.10.60.jar;C:\Users\user\.m2\repository\software\amazon\awssdk\ec2\2.10.60\ec2-2.10.60.jar;C:\Users\user\.m2\repository\software\amazon\awssdk\ecr\2.10.60\ecr-2.10.60.jar;C:\Users\user\.m2\repository\software\amazon\awssdk\ecs\2.10.60\ecs-2.10.60.jar;C:\Users\user\.m2\repository\software\amazon\awssdk\efs\2.10.60\efs-2.10.60.jar;C:\Users\user\.m2\repository\software\amazon\awssdk\eks\2.10.60\eks-2.10.60.jar;C:\Users\user\.m2\repository\software\amazon\awssdk\elasticache\2.10.60\elasticache-2.10.60.jar;C:\Users\user\.m2\repository\software\amazon\awssdk\elasticbeanstalk\2.10.60\elasticbeanstalk-2.10.60.jar;C:\Users\user\.m2\repository\software\amazon\awssdk\elasticloadbalancing\2.10.60\elasticloadbalancing-2.10.60.jar;C:\Users\user\.m2\repository\software\amazon\awssdk\elasticloadbalancingv2\2.10.60\elasticloadbalancingv2-2.10.60.jar;C:\Users\user\.m2\repository\software\amazon\awssdk\elasticsearch\2.10.60\elasticsearch-2.10.60.jar;C:\Users\user\.m2\repository\software\amazon\awssdk\elastictranscoder\2.10.60\elastictranscoder-2.10.60.jar;C:\Users\user\.m2\repository\software\amazon\awssdk\emr\2.10.60\emr-2.10.60.jar;C:\Users\user\.m2\repository\software\amazon\awssdk\firehose\2.10.60\firehose-2.10.60.jar;C:\Users\user\.m2\repository\software\amazon\awssdk\fms\2.10.60\fms-2.10.60.jar;C:\Users\user\.m2\repository\software\amazon\awssdk\fsx\2.10.60\fsx-2.10.60.jar;C:\Users\user\.m2\repository\software\amazon\awssdk\gamelift\2.10.60\gamelift-2.10.60.jar;C:\Users\user\.m2\repository\software\amazon\awssdk\glacier\2.10.60\glacier-2.10.60.jar;C:\Users\user\.m2\repository\software\amazon\awssdk\globalaccelerator\2.10.60\globalaccelerator-2.10.60.jar;C:\Users\user\.m2\repository\software\amazon\awssdk\glue\2.10.60\glue-2.10.60.jar;C:\Users\user\.m2\repository\software\amazon\awssdk\greengrass\2.10.60\greengrass-2.10.60.jar;C:\Users\user\.m2\repository\software\amazon\awssdk\guardduty\2.10.60\guardduty-2.10.60.jar;C:\Users\user\.m2\repository\software\amazon\awssdk\health\2.10.60\health-2.10.60.jar;C:\Users\user\.m2\repository\software\amazon\awssdk\iam\2.10.60\iam-2.10.60.jar;C:\Users\user\.m2\repository\software\amazon\awssdk\inspector\2.10.60\inspector-2.10.60.jar;C:\Users\user\.m2\repository\software\amazon\awssdk\iot\2.10.60\iot-2.10.60.jar;C:\Users\user\.m2\repository\software\amazon\awssdk\iot1clickdevices\2.10.60\iot1clickdevices-2.10.60.jar;C:\Users\user\.m2\repository\software\amazon\awssdk\iot1clickprojects\2.10.60\iot1clickprojects-2.10.60.jar;C:\Users\user\.m2\repository\software\amazon\awssdk\iotanalytics\2.10.60\iotanalytics-2.10.60.jar;C:\Users\user\.m2\repository\software\amazon\awssdk\iotdataplane\2.10.60\iotdataplane-2.10.60.jar;C:\Users\user\.m2\repository\software\amazon\awssdk\iotjobsdataplane\2.10.60\iotjobsdataplane-2.10.60.jar;C:\Users\user\.m2\repository\software\amazon\awssdk\kafka\2.10.60\kafka-2.10.60.jar;C:\Users\user\.m2\repository\software\amazon\awssdk\kinesis\2.10.60\kinesis-2.10.60.jar;C:\Users\user\.m2\repository\software\amazon\awssdk\aws-cbor-protocol\2.10.60\aws-cbor-protocol-2.10.60.jar;C:\Users\user\.m2\repository\com\fasterxml\jackson\dataformat\jackson-dataformat-cbor\2.10.0\jackson-dataformat-cbor-2.10.0.jar;C:\Users\user\.m2\repository\software\amazon\awssdk\kinesisanalytics\2.10.60\kinesisanalytics-2.10.60.jar;C:\Users\user\.m2\repository\software\amazon\awssdk\kinesisanalyticsv2\2.10.60\kinesisanalyticsv2-2.10.60.jar;C:\Users\user\.m2\repository\software\amazon\awssdk\kinesisvideo\2.10.60\kinesisvideo-2.10.60.jar;C:\Users\user\.m2\repository\software\amazon\awssdk\kinesisvideoarchivedmedia\2.10.60\kinesisvideoarchivedmedia-2.10.60.jar;C:\Users\user\.m2\repository\software\amazon\awssdk\kinesisvideomedia\2.10.60\kinesisvideomedia-2.10.60.jar;C:\Users\user\.m2\repository\software\amazon\awssdk\kms\2.10.60\kms-2.10.60.jar;C:\Users\user\.m2\repository\software\amazon\awssdk\lambda\2.10.60\lambda-2.10.60.jar;C:\Users\user\.m2\repository\software\amazon\awssdk\lexmodelbuilding\2.10.60\lexmodelbuilding-2.10.60.jar;C:\Users\user\.m2\repository\software\amazon\awssdk\lexruntime\2.10.60\lexruntime-2.10.60.jar;C:\Users\user\.m2\repository\software\amazon\awssdk\licensemanager\2.10.60\licensemanager-2.10.60.jar;C:\Users\user\.m2\repository\software\amazon\awssdk\lightsail\2.10.60\lightsail-2.10.60.jar;C:\Users\user\.m2\repository\software\amazon\awssdk\machinelearning\2.10.60\machinelearning-2.10.60.jar;C:\Users\user\.m2\repository\software\amazon\awssdk\macie\2.10.60\macie-2.10.60.jar;C:\Users\user\.m2\repository\software\amazon\awssdk\managedblockchain\2.10.60\managedblockchain-2.10.60.jar;C:\Users\user\.m2\repository\software\amazon\awssdk\marketplacecommerceanalytics\2.10.60\marketplacecommerceanalytics-2.10.60.jar;C:\Users\user\.m2\repository\software\amazon\awssdk\marketplaceentitlement\2.10.60\marketplaceentitlement-2.10.60.jar;C:\Users\user\.m2\repository\software\amazon\awssdk\marketplacemetering\2.10.60\marketplacemetering-2.10.60.jar;C:\Users\user\.m2\repository\software\amazon\awssdk\mediaconnect\2.10.60\mediaconnect-2.10.60.jar;C:\Users\user\.m2\repository\software\amazon\awssdk\mediaconvert\2.10.60\mediaconvert-2.10.60.jar;C:\Users\user\.m2\repository\software\amazon\awssdk\medialive\2.10.60\medialive-2.10.60.jar;C:\Users\user\.m2\repository\software\amazon\awssdk\mediapackage\2.10.60\mediapackage-2.10.60.jar;C:\Users\user\.m2\repository\software\amazon\awssdk\mediapackagevod\2.10.60\mediapackagevod-2.10.60.jar;C:\Users\user\.m2\repository\software\amazon\awssdk\mediastore\2.10.60\mediastore-2.10.60.jar;C:\Users\user\.m2\repository\software\amazon\awssdk\mediastoredata\2.10.60\mediastoredata-2.10.60.jar;C:\Users\user\.m2\repository\software\amazon\awssdk\mediatailor\2.10.60\mediatailor-2.10.60.jar;C:\Users\user\.m2\repository\software\amazon\awssdk\migrationhub\2.10.60\migrationhub-2.10.60.jar;C:\Users\user\.m2\repository\software\amazon\awssdk\mobile\2.10.60\mobile-2.10.60.jar;C:\Users\user\.m2\repository\software\amazon\awssdk\mq\2.10.60\mq-2.10.60.jar;C:\Users\user\.m2\repository\software\amazon\awssdk\mturk\2.10.60\mturk-2.10.60.jar;C:\Users\user\.m2\repository\software\amazon\awssdk\neptune\2.10.60\neptune-2.10.60.jar;C:\Users\user\.m2\repository\software\amazon\awssdk\opsworks\2.10.60\opsworks-2.10.60.jar;C:\Users\user\.m2\repository\software\amazon\awssdk\opsworkscm\2.10.60\opsworkscm-2.10.60.jar;C:\Users\user\.m2\repository\software\amazon\awssdk\organizations\2.10.60\organizations-2.10.60.jar;C:\Users\user\.m2\repository\software\amazon\awssdk\pi\2.10.60\pi-2.10.60.jar;C:\Users\user\.m2\repository\software\amazon\awssdk\pinpoint\2.10.60\pinpoint-2.10.60.jar;C:\Users\user\.m2\repository\software\amazon\awssdk\pinpointemail\2.10.60\pinpointemail-2.10.60.jar;C:\Users\user\.m2\repository\software\amazon\awssdk\pinpointsmsvoice\2.10.60\pinpointsmsvoice-2.10.60.jar;C:\Users\user\.m2\repository\software\amazon\awssdk\polly\2.10.60\polly-2.10.60.jar;C:\Users\user\.m2\repository\software\amazon\awssdk\pricing\2.10.60\pricing-2.10.60.jar;C:\Users\user\.m2\repository\software\amazon\awssdk\quicksight\2.10.60\quicksight-2.10.60.jar;C:\Users\user\.m2\repository\software\amazon\awssdk\ram\2.10.60\ram-2.10.60.jar;C:\Users\user\.m2\repository\software\amazon\awssdk\rds\2.10.60\rds-2.10.60.jar;C:\Users\user\.m2\repository\software\amazon\awssdk\rdsdata\2.10.60\rdsdata-2.10.60.jar;C:\Users\user\.m2\repository\software\amazon\awssdk\redshift\2.10.60\redshift-2.10.60.jar;C:\Users\user\.m2\repository\software\amazon\awssdk\rekognition\2.10.60\rekognition-2.10.60.jar;C:\Users\user\.m2\repository\software\amazon\awssdk\resourcegroups\2.10.60\resourcegroups-2.10.60.jar;C:\Users\user\.m2\repository\software\amazon\awssdk\resourcegroupstaggingapi\2.10.60\resourcegroupstaggingapi-2.10.60.jar;C:\Users\user\.m2\repository\software\amazon\awssdk\robomaker\2.10.60\robomaker-2.10.60.jar;C:\Users\user\.m2\repository\software\amazon\awssdk\route53\2.10.60\route53-2.10.60.jar;C:\Users\user\.m2\repository\software\amazon\awssdk\route53domains\2.10.60\route53domains-2.10.60.jar;C:\Users\user\.m2\repository\software\amazon\awssdk\route53resolver\2.10.60\route53resolver-2.10.60.jar;C:\Users\user\.m2\repository\software\amazon\awssdk\s3\2.10.60\s3-2.10.60.jar;C:\Users\user\.m2\repository\software\amazon\awssdk\arns\2.10.60\arns-2.10.60.jar;C:\Users\user\.m2\repository\software\amazon\awssdk\profiles\2.10.60\profiles-2.10.60.jar;C:\Users\user\.m2\repository\software\amazon\awssdk\s3control\2.10.60\s3control-2.10.60.jar;C:\Users\user\.m2\repository\software\amazon\awssdk\sagemaker\2.10.60\sagemaker-2.10.60.jar;C:\Users\user\.m2\repository\software\amazon\awssdk\sagemakerruntime\2.10.60\sagemakerruntime-2.10.60.jar;C:\Users\user\.m2\repository\software\amazon\awssdk\secretsmanager\2.10.60\secretsmanager-2.10.60.jar;C:\Users\user\.m2\repository\software\amazon\awssdk\securityhub\2.10.60\securityhub-2.10.60.jar;C:\Users\user\.m2\repository\software\amazon\awssdk\serverlessapplicationrepository\2.10.60\serverlessapplicationrepository-2.10.60.jar;C:\Users\user\.m2\repository\software\amazon\awssdk\servicecatalog\2.10.60\servicecatalog-2.10.60.jar;C:\Users\user\.m2\repository\software\amazon\awssdk\servicediscovery\2.10.60\servicediscovery-2.10.60.jar;C:\Users\user\.m2\repository\software\amazon\awssdk\ses\2.10.60\ses-2.10.60.jar;C:\Users\user\.m2\repository\software\amazon\awssdk\sfn\2.10.60\sfn-2.10.60.jar;C:\Users\user\.m2\repository\software\amazon\awssdk\shield\2.10.60\shield-2.10.60.jar;C:\Users\user\.m2\repository\software\amazon\awssdk\signer\2.10.60\signer-2.10.60.jar;C:\Users\user\.m2\repository\software\amazon\awssdk\sms\2.10.60\sms-2.10.60.jar;C:\Users\user\.m2\repository\software\amazon\awssdk\snowball\2.10.60\snowball-2.10.60.jar;C:\Users\user\.m2\repository\software\amazon\awssdk\sns\2.10.60\sns-2.10.60.jar;C:\Users\user\.m2\repository\software\amazon\awssdk\sqs\2.10.60\sqs-2.10.60.jar;C:\Users\user\.m2\repository\software\amazon\awssdk\ssm\2.10.60\ssm-2.10.60.jar;C:\Users\user\.m2\repository\software\amazon\awssdk\storagegateway\2.10.60\storagegateway-2.10.60.jar;C:\Users\user\.m2\repository\software\amazon\awssdk\sts\2.10.60\sts-2.10.60.jar;C:\Users\user\.m2\repository\software\amazon\awssdk\support\2.10.60\support-2.10.60.jar;C:\Users\user\.m2\repository\software\amazon\awssdk\swf\2.10.60\swf-2.10.60.jar;C:\Users\user\.m2\repository\software\amazon\awssdk\textract\2.10.60\textract-2.10.60.jar;C:\Users\user\.m2\repository\software\amazon\awssdk\transcribe\2.10.60\transcribe-2.10.60.jar;C:\Users\user\.m2\repository\software\amazon\awssdk\transcribestreaming\2.10.60\transcribestreaming-2.10.60.jar;C:\Users\user\.m2\repository\software\amazon\awssdk\transfer\2.10.60\transfer-2.10.60.jar;C:\Users\user\.m2\repository\software\amazon\awssdk\translate\2.10.60\translate-2.10.60.jar;C:\Users\user\.m2\repository\software\amazon\awssdk\waf\2.10.60\waf-2.10.60.jar;C:\Users\user\.m2\repository\software\amazon\awssdk\workdocs\2.10.60\workdocs-2.10.60.jar;C:\Users\user\.m2\repository\software\amazon\awssdk\worklink\2.10.60\worklink-2.10.60.jar;C:\Users\user\.m2\repository\software\amazon\awssdk\workmail\2.10.60\workmail-2.10.60.jar;C:\Users\user\.m2\repository\software\amazon\awssdk\workspaces\2.10.60\workspaces-2.10.60.jar;C:\Users\user\.m2\repository\software\amazon\awssdk\xray\2.10.60\xray-2.10.60.jar;C:\Users\user\.m2\repository\software\amazon\awssdk\groundstation\2.10.60\groundstation-2.10.60.jar;C:\Users\user\.m2\repository\software\amazon\awssdk\iotthingsgraph\2.10.60\iotthingsgraph-2.10.60.jar;C:\Users\user\.m2\repository\software\amazon\awssdk\iotevents\2.10.60\iotevents-2.10.60.jar;C:\Users\user\.m2\repository\software\amazon\awssdk\ioteventsdata\2.10.60\ioteventsdata-2.10.60.jar;C:\Users\user\.m2\repository\software\amazon\awssdk\personalizeruntime\2.10.60\personalizeruntime-2.10.60.jar;C:\Users\user\.m2\repository\software\amazon\awssdk\personalize\2.10.60\personalize-2.10.60.jar;C:\Users\user\.m2\repository\software\amazon\awssdk\personalizeevents\2.10.60\personalizeevents-2.10.60.jar;C:\Users\user\.m2\repository\software\amazon\awssdk\servicequotas\2.10.60\servicequotas-2.10.60.jar;C:\Users\user\.m2\repository\software\amazon\awssdk\applicationinsights\2.10.60\applicationinsights-2.10.60.jar;C:\Users\user\.m2\repository\software\amazon\awssdk\ec2instanceconnect\2.10.60\ec2instanceconnect-2.10.60.jar;C:\Users\user\.m2\repository\software\amazon\awssdk\eventbridge\2.10.60\eventbridge-2.10.60.jar;C:\Users\user\.m2\repository\software\amazon\awssdk\lakeformation\2.10.60\lakeformation-2.10.60.jar;C:\Users\user\.m2\repository\software\amazon\awssdk\forecast\2.10.60\forecast-2.10.60.jar;C:\Users\user\.m2\repository\software\amazon\awssdk\forecastquery\2.10.60\forecastquery-2.10.60.jar;C:\Users\user\.m2\repository\software\amazon\awssdk\qldb\2.10.60\qldb-2.10.60.jar;C:\Users\user\.m2\repository\software\amazon\awssdk\qldbsession\2.10.60\qldbsession-2.10.60.jar;C:\Users\user\.m2\repository\software\amazon\awssdk\workmailmessageflow\2.10.60\workmailmessageflow-2.10.60.jar;C:\Users\user\.m2\repository\software\amazon\awssdk\codestarnotifications\2.10.60\codestarnotifications-2.10.60.jar;C:\Users\user\.m2\repository\software\amazon\awssdk\savingsplans\2.10.60\savingsplans-2.10.60.jar;C:\Users\user\.m2\repository\software\amazon\awssdk\sso\2.10.60\sso-2.10.60.jar;C:\Users\user\.m2\repository\software\amazon\awssdk\ssooidc\2.10.60\ssooidc-2.10.60.jar;C:\Users\user\.m2\repository\software\amazon\awssdk\marketplacecatalog\2.10.60\marketplacecatalog-2.10.60.jar;C:\Users\user\.m2\repository\software\amazon\awssdk\sesv2\2.10.60\sesv2-2.10.60.jar;C:\Users\user\.m2\repository\software\amazon\awssdk\dataexchange\2.10.60\dataexchange-2.10.60.jar;C:\Users\user\.m2\repository\software\amazon\awssdk\migrationhubconfig\2.10.60\migrationhubconfig-2.10.60.jar;C:\Users\user\.m2\repository\software\amazon\awssdk\connectparticipant\2.10.60\connectparticipant-2.10.60.jar;C:\Users\user\.m2\repository\software\amazon\awssdk\wafv2\2.10.60\wafv2-2.10.60.jar;C:\Users\user\.m2\repository\software\amazon\awssdk\appconfig\2.10.60\appconfig-2.10.60.jar;C:\Users\user\.m2\repository\software\amazon\awssdk\iotsecuretunneling\2.10.60\iotsecuretunneling-2.10.60.jar;C:\Users\user\.m2\repository\software\amazon\awssdk\elasticinference\2.10.60\elasticinference-2.10.60.jar;C:\Users\user\.m2\repository\software\amazon\awssdk\imagebuilder\2.10.60\imagebuilder-2.10.60.jar;C:\Users\user\.m2\repository\software\amazon\awssdk\schemas\2.10.60\schemas-2.10.60.jar;C:\Users\user\.m2\repository\software\amazon\awssdk\accessanalyzer\2.10.60\accessanalyzer-2.10.60.jar;C:\Users\user\.m2\repository\software\amazon\awssdk\computeoptimizer\2.10.60\computeoptimizer-2.10.60.jar;C:\Users\user\.m2\repository\software\amazon\awssdk\networkmanager\2.10.60\networkmanager-2.10.60.jar;C:\Users\user\.m2\repository\software\amazon\awssdk\kendra\2.10.60\kendra-2.10.60.jar;C:\Users\user\.m2\repository\software\amazon\awssdk\frauddetector\2.10.60\frauddetector-2.10.60.jar;C:\Users\user\.m2\repository\software\amazon\awssdk\codegurureviewer\2.10.60\codegurureviewer-2.10.60.jar;C:\Users\user\.m2\repository\software\amazon\awssdk\codeguruprofiler\2.10.60\codeguruprofiler-2.10.60.jar;C:\Users\user\.m2\repository\software\amazon\awssdk\outposts\2.10.60\outposts-2.10.60.jar;C:\Users\user\.m2\repository\software\amazon\awssdk\sagemakera2iruntime\2.10.60\sagemakera2iruntime-2.10.60.jar;C:\Users\user\.m2\repository\software\amazon\awssdk\ebs\2.10.60\ebs-2.10.60.jar;C:\Users\user\.m2\repository\software\amazon\awssdk\kinesisvideosignaling\2.10.60\kinesisvideosignaling-2.10.60.jar;C:\Users\user\.m2\repository\software\amazon\awssdk\detective\2.10.60\detective-2.10.60.jar;C:\Users\user\.m2\repository\software\amazon\awssdk\codestarconnections\2.10.60\codestarconnections-2.10.60.jar;C:\Users\user\.m2\repository\org\apache\httpcomponents\httpclient\4.5.6\httpclient-4.5.6.jar;C:\Users\user\.m2\repository\commons-logging\commons-logging\1.2\commons-logging-1.2.jar;C:\Users\user\.m2\repository\commons-codec\commons-codec\1.10\commons-codec-1.10.jar;C:\Users\user\.m2\repository\org\apache\httpcomponents\httpcore\4.4.10\httpcore-4.4.10.jar;C:\Users\user\.m2\repository\org\apache\httpcomponents\httpmime\4.5.6\httpmime-4.5.6.jar;C:\Users\user\.m2\repository\log4j\log4j\1.2.17\log4j-1.2.17.jar;C:\Users\user\.m2\repository\commons-io\commons-io\2.6\commons-io-2.6.jar;C:\Users\user\.m2\repository\org\hamcrest\hamcrest-core\1.3\hamcrest-core-1.3.jar;C:\Users\user\.m2\repository\org\apache\commons\commons-lang3\3.11\commons-lang3-3.11.jar;C:\Users\user\.m2\repository\org\apache\poi\poi\4.1.2\poi-4.1.2.jar;C:\Users\user\.m2\repository\org\apache\commons\commons-collections4\4.4\commons-collections4-4.4.jar;C:\Users\user\.m2\repository\org\apache\commons\commons-math3\3.6.1\commons-math3-3.6.1.jar;C:\Users\user\.m2\repository\com\zaxxer\SparseBitSet\1.2\SparseBitSet-1.2.jar;C:\Users\user\.m2\repository\org\apache\poi\poi-ooxml\4.1.2\poi-ooxml-4.1.2.jar;C:\Users\user\.m2\repository\org\apache\commons\commons-compress\1.19\commons-compress-1.19.jar;C:\Users\user\.m2\repository\com\github\virtuald\curvesapi\1.06\curvesapi-1.06.jar;C:\Users\user\.m2\repository\org\apache\poi\poi-ooxml-schemas\4.1.2\poi-ooxml-schemas-4.1.2.jar;C:\Users\user\.m2\repository\org\apache\xmlbeans\xmlbeans\3.1.0\xmlbeans-3.1.0.jar;"/>
    <property name="sun.cpu.endian" value="little"/>
    <property name="user.home" value="C:\Users\user"/>
    <property name="user.language" value="en"/>
    <property name="apiHost" value="awswrkshpalbmock-1310692469.us-west-2.elb.amazonaws.com"/>
    <property name="java.specification.vendor" value="Oracle Corporation"/>
    <property name="java.version.date" value="2020-10-20"/>
    <property name="java.home" value="C:\Program Files\Java\jdk-11.0.9"/>
    <property name="file.separator" value="\"/>
    <property name="basedir" value="C:\Users\user\Desktop\cognizant\qualityPointTech_aws"/>
    <property name="java.vm.compressedOopsMode" value="32-bit"/>
    <property name="line.separator" value="&#10;"/>
    <property name="java.specification.name" value="Java Platform API Specification"/>
    <property name="java.vm.specification.vendor" value="Oracle Corporation"/>
    <property name="java.awt.graphicsenv" value="sun.awt.Win32GraphicsEnvironment"/>
    <property name="applicationHost" value="awswrkshpalb-1570520390.us-west-2.elb.amazonaws.com"/>
    <property name="surefire.real.class.path" value="C:\Users\user\AppData\Local\Temp\surefire1811736387368986244\surefirebooter3950120137346897284.jar"/>
    <property name="user.script" value=""/>
    <property name="sun.management.compiler" value="HotSpot 64-Bit Tiered Compilers"/>
    <property name="java.runtime.version" value="11.0.9+7-LTS"/>
    <property name="user.name" value="user"/>
    <property name="path.separator" value=";"/>
    <property name="os.version" value="10.0"/>
    <property name="java.runtime.name" value="Java(TM) SE Runtime Environment"/>
    <property name="file.encoding" value="Cp1252"/>
    <property name="java.vm.name" value="Java HotSpot(TM) 64-Bit Server VM"/>
    <property name="java.vendor.version" value="18.9"/>
    <property name="localRepository" value="C:\Users\user\.m2\repository"/>
    <property name="java.vendor.url.bug" value="https://bugreport.java.com/bugreport/"/>
    <property name="java.io.tmpdir" value="C:\Users\user\AppData\Local\Temp\"/>
    <property name="java.version" value="11.0.9"/>
    <property name="user.dir" value="C:\Users\user\Desktop\cognizant\qualityPointTech_aws"/>
    <property name="os.arch" value="amd64"/>
    <property name="gridURL" value=""/>
    <property name="java.vm.specification.name" value="Java Virtual Machine Specification"/>
    <property name="java.awt.printerjob" value="sun.awt.windows.WPrinterJob"/>
    <property name="executionPlatform" value="LOCAL_CHROME"/>
    <property name="sun.os.patch.level" value=""/>
    <property name="java.library.path" value="C:\Program Files\Java\jdk-11.0.9\bin;C:\WINDOWS\Sun\Java\bin;C:\WINDOWS\system32;C:\WINDOWS;C:/Program Files/Java/jdk-11.0.9/bin/server;C:/Program Files/Java/jdk-11.0.9/bin;C:\Program Files (x86)\Common Files\ArcSoft\Bin;C:\Program Files\Java\jdk-13.0.2\bin;C:\WINDOWS\system32;C:\WINDOWS;C:\WINDOWS\System32\Wbem;C:\WINDOWS\System32\WindowsPowerShell\v1.0\;C:\WINDOWS\System32\OpenSSH\;C:\Program Files\apache-maven-3.6.3\bin;C:\allure-2.13.0\bin;C:\all zips\node-v12.18.1-win-x64;C:\Program Files\Git\cmd;C:\Program Files\Java\jdk-11.0.9\bin;C:\Users\user\.m2;;C:\Program Files\Docker\Docker\resources\bin;C:\ProgramData\DockerDesktop\version-bin;C:\Users\user\AppData\Local\Microsoft\WindowsApps;;C:\Users\user\Desktop;;."/>
    <property name="java.vendor" value="Oracle Corporation"/>
    <property name="java.vm.info" value="mixed mode"/>
    <property name="java.vm.version" value="11.0.9+7-LTS"/>
    <property name="sun.io.unicode.encoding" value="UnicodeLittle"/>
    <property name="java.class.version" value="55.0"/>
  </properties>
  <testcase name="Performing all operations" classname="Quality point tech website" time="61.825"/>
</testsuite>